[INFO ] [2020-02-06 23:53:47,676] [org.j2.faxqa.efax.common.EnvironmentSetup.setupEnvironment()] - Current Environment = qa
[INFO ] [2020-02-06 23:53:47,679] [org.j2.faxqa.efax.common.EnvironmentSetup.setupEnvironment()] - Setting-up environment specific configuration.
[INFO ] [2020-02-06 23:53:47,679] [org.j2.faxqa.efax.common.EnvironmentSetup.setupEnvironment()] - Picking-up config values from '/environment.qa.properties'
[INFO ] [2020-02-06 23:53:47,720] [org.j2.faxqa.efax.common.TestExecutionListener.setTLDriver()] - WebBrowser = chrome
[INFO ] [2020-02-06 23:53:53,546] [org.j2.faxqa.efax.common.TestExecutionListener.setTLDriver()] - Created ThreadLocal webdriver.
[INFO ] [2020-02-06 23:53:57,584] [org.j2.faxqa.efax.common.TestExecutionListener.setTLDriver()] - Setting  implicitlyWait to '10' seconds
[INFO ] [2020-02-06 23:53:57,595] [org.j2.faxqa.efax.common.TestExecutionListener.setTLDriver()] - Setting document.body.style.zoom='80%';
[INFO ] [2020-02-06 23:53:57,595] [org.j2.faxqa.efax.common.TestExecutionListener.setTLDriver()] - WebBrowser = chrome
[INFO ] [2020-02-06 23:54:02,730] [org.j2.faxqa.efax.common.TestExecutionListener.setTLDriver()] - Created ThreadLocal webdriver.
[INFO ] [2020-02-06 23:54:06,762] [org.j2.faxqa.efax.common.TestExecutionListener.setTLDriver()] - Setting  implicitlyWait to '10' seconds
[INFO ] [2020-02-06 23:54:06,770] [org.j2.faxqa.efax.common.TestExecutionListener.setTLDriver()] - Setting document.body.style.zoom='80%';
[INFO ] [2020-02-06 23:54:06,771] [org.j2.faxqa.efax.common.TestExecutionListener.setTLDriver()] - WebBrowser = chrome
[INFO ] [2020-02-06 23:54:11,852] [org.j2.faxqa.efax.common.TestExecutionListener.setTLDriver()] - Created ThreadLocal webdriver.
[INFO ] [2020-02-06 23:54:15,883] [org.j2.faxqa.efax.common.TestExecutionListener.setTLDriver()] - Setting  implicitlyWait to '10' seconds
[INFO ] [2020-02-06 23:54:15,892] [org.j2.faxqa.efax.common.TestExecutionListener.setTLDriver()] - Setting document.body.style.zoom='80%';
[INFO ] [2020-02-06 23:54:15,892] [org.j2.faxqa.efax.common.TestExecutionListener.setTLDriver()] - WebBrowser = chrome
[INFO ] [2020-02-06 23:54:20,907] [org.j2.faxqa.efax.common.TestExecutionListener.setTLDriver()] - Created ThreadLocal webdriver.
[INFO ] [2020-02-06 23:54:24,928] [org.j2.faxqa.efax.common.TestExecutionListener.setTLDriver()] - Setting  implicitlyWait to '10' seconds
[INFO ] [2020-02-06 23:54:24,937] [org.j2.faxqa.efax.common.TestExecutionListener.setTLDriver()] - Setting document.body.style.zoom='80%';
[INFO ] [2020-02-06 23:54:24,937] [org.j2.faxqa.efax.common.TestExecutionListener.setTLDriver()] - WebBrowser = chrome
[INFO ] [2020-02-06 23:54:30,019] [org.j2.faxqa.efax.common.TestExecutionListener.setTLDriver()] - Created ThreadLocal webdriver.
[INFO ] [2020-02-06 23:54:34,054] [org.j2.faxqa.efax.common.TestExecutionListener.setTLDriver()] - Setting  implicitlyWait to '10' seconds
[INFO ] [2020-02-06 23:54:34,066] [org.j2.faxqa.efax.common.TestExecutionListener.setTLDriver()] - Setting document.body.style.zoom='80%';
[INFO ] [2020-02-06 23:55:33,969] [org.j2.faxqa.efax.common.TestExecutionListener.onFinish()] - To upload results to TestRail, the flag 'uploadresults' should be set to 'true' in POM.xml or as a parameter from commandline
