[INFO ] [2020-02-07 00:10:00,848] [org.j2.faxqa.efax.common.EnvironmentSetup.setupEnvironment()] - Current Environment = qa
[INFO ] [2020-02-07 00:10:00,851] [org.j2.faxqa.efax.common.EnvironmentSetup.setupEnvironment()] - Setting-up environment specific configuration.
[INFO ] [2020-02-07 00:10:00,852] [org.j2.faxqa.efax.common.EnvironmentSetup.setupEnvironment()] - Picking-up config values from '/environment.qa.properties'
[INFO ] [2020-02-07 00:10:00,895] [org.j2.faxqa.efax.common.TestExecutionListener.setTLDriver()] - WebBrowser = chrome
[INFO ] [2020-02-07 00:10:06,765] [org.j2.faxqa.efax.common.TestExecutionListener.setTLDriver()] - Created ThreadLocal webdriver.
[INFO ] [2020-02-07 00:10:10,794] [org.j2.faxqa.efax.common.TestExecutionListener.setTLDriver()] - Setting  implicitlyWait to '10' seconds
[INFO ] [2020-02-07 00:10:10,804] [org.j2.faxqa.efax.common.TestExecutionListener.setTLDriver()] - Setting document.body.style.zoom='80%';
[INFO ] [2020-02-07 00:10:10,804] [org.j2.faxqa.efax.common.TestExecutionListener.setTLDriver()] - WebBrowser = chrome
[INFO ] [2020-02-07 00:10:15,788] [org.j2.faxqa.efax.common.TestExecutionListener.setTLDriver()] - Created ThreadLocal webdriver.
[INFO ] [2020-02-07 00:10:19,813] [org.j2.faxqa.efax.common.TestExecutionListener.setTLDriver()] - Setting  implicitlyWait to '10' seconds
[INFO ] [2020-02-07 00:10:19,821] [org.j2.faxqa.efax.common.TestExecutionListener.setTLDriver()] - Setting document.body.style.zoom='80%';
[INFO ] [2020-02-07 00:10:19,822] [org.j2.faxqa.efax.common.TestExecutionListener.setTLDriver()] - WebBrowser = chrome
[INFO ] [2020-02-07 00:10:24,975] [org.j2.faxqa.efax.common.TestExecutionListener.setTLDriver()] - Created ThreadLocal webdriver.
[INFO ] [2020-02-07 00:10:29,005] [org.j2.faxqa.efax.common.TestExecutionListener.setTLDriver()] - Setting  implicitlyWait to '10' seconds
[INFO ] [2020-02-07 00:10:29,013] [org.j2.faxqa.efax.common.TestExecutionListener.setTLDriver()] - Setting document.body.style.zoom='80%';
[INFO ] [2020-02-07 00:10:29,014] [org.j2.faxqa.efax.common.TestExecutionListener.setTLDriver()] - WebBrowser = chrome
[INFO ] [2020-02-07 00:10:34,113] [org.j2.faxqa.efax.common.TestExecutionListener.setTLDriver()] - Created ThreadLocal webdriver.
[INFO ] [2020-02-07 00:10:38,162] [org.j2.faxqa.efax.common.TestExecutionListener.setTLDriver()] - Setting  implicitlyWait to '10' seconds
[INFO ] [2020-02-07 00:10:38,170] [org.j2.faxqa.efax.common.TestExecutionListener.setTLDriver()] - Setting document.body.style.zoom='80%';
[INFO ] [2020-02-07 00:10:38,170] [org.j2.faxqa.efax.common.TestExecutionListener.setTLDriver()] - WebBrowser = chrome
[INFO ] [2020-02-07 00:10:43,338] [org.j2.faxqa.efax.common.TestExecutionListener.setTLDriver()] - Created ThreadLocal webdriver.
[INFO ] [2020-02-07 00:10:47,364] [org.j2.faxqa.efax.common.TestExecutionListener.setTLDriver()] - Setting  implicitlyWait to '10' seconds
[INFO ] [2020-02-07 00:10:47,373] [org.j2.faxqa.efax.common.TestExecutionListener.setTLDriver()] - Setting document.body.style.zoom='80%';
[INFO ] [2020-02-07 00:11:47,509] [org.j2.faxqa.efax.common.TestExecutionListener.onFinish()] - To upload results to TestRail, the flag 'uploadresults' should be set to 'true' in POM.xml or as a parameter from commandline
