[INFO ] [2020-02-06 22:47:21,525] [org.j2.faxqa.efax.common.EnvironmentSetup.setupEnvironment()] - Current Environment = qa
[INFO ] [2020-02-06 22:47:21,529] [org.j2.faxqa.efax.common.EnvironmentSetup.setupEnvironment()] - Setting-up environment specific configuration.
[INFO ] [2020-02-06 22:47:21,529] [org.j2.faxqa.efax.common.EnvironmentSetup.setupEnvironment()] - Picking-up config values from '/environment.qa.properties'
[INFO ] [2020-02-06 22:47:21,574] [org.j2.faxqa.efax.common.TestExecutionListener.setTLDriver()] - WebBrowser = chrome
[INFO ] [2020-02-06 22:47:27,568] [org.j2.faxqa.efax.common.TestExecutionListener.setTLDriver()] - Created ThreadLocal webdriver.
[INFO ] [2020-02-06 22:47:31,599] [org.j2.faxqa.efax.common.TestExecutionListener.setTLDriver()] - Setting  implicitlyWait to '10' seconds
[INFO ] [2020-02-06 22:47:31,609] [org.j2.faxqa.efax.common.TestExecutionListener.setTLDriver()] - Setting document.body.style.zoom='90%';
[INFO ] [2020-02-06 22:47:31,609] [org.j2.faxqa.efax.common.TestExecutionListener.setTLDriver()] - WebBrowser = chrome
[INFO ] [2020-02-06 22:47:36,802] [org.j2.faxqa.efax.common.TestExecutionListener.setTLDriver()] - Created ThreadLocal webdriver.
[INFO ] [2020-02-06 22:47:40,837] [org.j2.faxqa.efax.common.TestExecutionListener.setTLDriver()] - Setting  implicitlyWait to '10' seconds
[INFO ] [2020-02-06 22:47:40,845] [org.j2.faxqa.efax.common.TestExecutionListener.setTLDriver()] - Setting document.body.style.zoom='90%';
[INFO ] [2020-02-06 22:47:40,845] [org.j2.faxqa.efax.common.TestExecutionListener.setTLDriver()] - WebBrowser = chrome
[INFO ] [2020-02-06 22:47:46,131] [org.j2.faxqa.efax.common.TestExecutionListener.setTLDriver()] - Created ThreadLocal webdriver.
[INFO ] [2020-02-06 22:47:50,155] [org.j2.faxqa.efax.common.TestExecutionListener.setTLDriver()] - Setting  implicitlyWait to '10' seconds
[INFO ] [2020-02-06 22:47:50,162] [org.j2.faxqa.efax.common.TestExecutionListener.setTLDriver()] - Setting document.body.style.zoom='90%';
[INFO ] [2020-02-06 22:47:50,163] [org.j2.faxqa.efax.common.TestExecutionListener.setTLDriver()] - WebBrowser = chrome
[INFO ] [2020-02-06 22:47:55,291] [org.j2.faxqa.efax.common.TestExecutionListener.setTLDriver()] - Created ThreadLocal webdriver.
[INFO ] [2020-02-06 22:47:59,316] [org.j2.faxqa.efax.common.TestExecutionListener.setTLDriver()] - Setting  implicitlyWait to '10' seconds
[INFO ] [2020-02-06 22:47:59,324] [org.j2.faxqa.efax.common.TestExecutionListener.setTLDriver()] - Setting document.body.style.zoom='90%';
[INFO ] [2020-02-06 22:47:59,324] [org.j2.faxqa.efax.common.TestExecutionListener.setTLDriver()] - WebBrowser = chrome
[INFO ] [2020-02-06 22:48:04,488] [org.j2.faxqa.efax.common.TestExecutionListener.setTLDriver()] - Created ThreadLocal webdriver.
[INFO ] [2020-02-06 22:48:08,520] [org.j2.faxqa.efax.common.TestExecutionListener.setTLDriver()] - Setting  implicitlyWait to '10' seconds
[INFO ] [2020-02-06 22:48:08,527] [org.j2.faxqa.efax.common.TestExecutionListener.setTLDriver()] - Setting document.body.style.zoom='90%';
[INFO ] [2020-02-06 22:48:52,211] [org.j2.faxqa.efax.common.TestExecutionListener.onFinish()] - The flag 'uploadresults' should be set to 'true' to upload final results into TestRail.
